[2610月2024 19:01:46.320] [main/INFO] [cpw.mods.modlauncher.Launcher/MODLAUNCHER]: ModLauncher running: args [--launchTarget, forgeclientuserdev, --version, 21.0.160, --assetIndex, asset-index, --assetsDir, E:\.gradle\caches\minecraft\assets, --gameDir, ., --fml.neoForgeVersion, 21.0.160, --fml.fmlVersion, 4.0.23, --fml.mcVersion, 1.21, --fml.neoFormVersion, 20240613.152323]
[2610月2024 19:01:46.323] [main/INFO] [cpw.mods.modlauncher.Launcher/MODLAUNCHER]: JVM identified as Oracle Corporation OpenJDK 64-Bit Server VM 21.0.2+13-58
[2610月2024 19:01:46.325] [main/INFO] [cpw.mods.modlauncher.Launcher/MODLAUNCHER]: ModLauncher 11.0.4+main.d2e20e43 starting: java version 21.0.2 by Oracle Corporation; OS Windows 10 arch amd64 version 10.0
[2610月2024 19:01:46.475] [main/INFO] [net.neoforged.fml.loading.ImmediateWindowHandler/]: Loading ImmediateWindowProvider fmlearlywindow
[2610月2024 19:01:46.602] [main/INFO] [EARLYDISPLAY/]: Trying GL version 4.6
[2610月2024 19:01:46.680] [main/INFO] [EARLYDISPLAY/]: Requested GL version 4.6 got version 4.6
[2610月2024 19:01:46.820] [main/INFO] [mixin/]: SpongePowered MIXIN Subsystem Version=0.8.6 Source=union:/E:/.gradle/caches/modules-2/files-2.1/net.fabricmc/sponge-mixin/0.14.0+mixin.0.8.6/c265173c84346e9e5d42a2384b2b02bd39a4a899/sponge-mixin-0.14.0+mixin.0.8.6.jar%23136!/ Service=ModLauncher Env=CLIENT
[2610月2024 19:01:47.043] [pool-2-thread-1/INFO] [EARLYDISPLAY/]: GL info: Intel(R) HD Graphics 630 GL version 4.6.0 - Build 31.0.101.2121, Intel
[2610月2024 19:01:47.075] [main/INFO] [net.neoforged.fml.loading.moddiscovery.ModDiscoverer/SCAN]: Found mod file "neoforge-21.0.160.jar" [locator: neoforge devenv provider ([D:\MinecraftNeoForgeMod\InfinityItems-121\.gradle\repositories\ng_dummy_ng\net\neoforged\neoforge\21.0.160\neoforge-21.0.160.jar])]
[2610月2024 19:01:47.101] [main/INFO] [net.neoforged.fml.loading.moddiscovery.ModDiscoverer/SCAN]: Found mod file "neoforge-21.0.160.jar" [locator: neoforge devenv provider ([D:\MinecraftNeoForgeMod\InfinityItems-121\.gradle\repositories\ng_dummy_ng\net\neoforged\neoforge\21.0.160\neoforge-21.0.160.jar])]
[2610月2024 19:01:47.119] [main/INFO] [net.neoforged.fml.loading.moddiscovery.ModDiscoverer/SCAN]: Found mod file "appliedenergistics2-19.0.19-beta.jar" [locator: {mods folder locator at D:\MinecraftNeoForgeMod\InfinityItems-121\runs\client\mods}, reader: mod manifest]
[2610月2024 19:01:47.128] [main/INFO] [net.neoforged.fml.loading.moddiscovery.ModDiscoverer/SCAN]: Found mod file "main" [locator: userdev mods and services, reader: mod manifest]
[2610月2024 19:01:47.141] [main/INFO] [net.neoforged.fml.loading.moddiscovery.ModDiscoverer/SCAN]: Found mod file "neoforge-21.0.160.jar" [locator: userdev mods and services, reader: mod manifest]
[2610月2024 19:01:47.187] [main/INFO] [net.neoforged.fml.loading.moddiscovery.ModDiscoverer/SCAN]: Found gamelibrary file "mixinextras-neoforge-0.3.5.jar" [locator: userdev mods and services, reader: mod manifest]
[2610月2024 19:01:47.385] [main/WARN] [net.neoforged.jarjar.selection.JarSelector/]: Attempted to select a dependency jar for JarJar which was passed in as source: mixinextras-neoforge-0.3.5.jar. Using Mod File: E:\.gradle\caches\modules-2\files-2.1\io.github.llamalad7\mixinextras-neoforge\0.3.5\ef3ffcf309dae656517b2f120189b1c9b21737dd\mixinextras-neoforge-0.3.5.jar
[2610月2024 19:01:47.385] [main/INFO] [net.neoforged.fml.loading.moddiscovery.locators.JarInJarDependencyLocator/]: No dependencies to load found. Skipping!
[2610月2024 19:01:47.599] [main/INFO] [net.neoforged.fml.loading.FMLServiceProvider/CORE]: Loading coremod script-engine for [neoforge]
[2610月2024 19:01:48.451] [main/INFO] [cpw.mods.modlauncher.LaunchServiceHandler/MODLAUNCHER]: Launching target 'forgeclientuserdev' with arguments [--version, 21.0.160, --gameDir, ., --assetsDir, E:\.gradle\caches\minecraft\assets, --assetIndex, asset-index]
[2610月2024 19:01:48.501] [main/WARN] [mixin/]: Reference map 'iis.refmap.json' for iis.mixins.json could not be read. If this is a development environment you can ignore this message
[2610月2024 19:01:49.070] [main/INFO] [MixinExtras|Service/]: Initializing MixinExtras via com.llamalad7.mixinextras.service.MixinExtrasServiceImpl(version=0.3.5).
[2610月2024 19:01:50.631] [Datafixer Bootstrap/INFO] [com.mojang.datafixers.DataFixerBuilder/]: 229 Datafixer optimizations took 445 milliseconds
[2610月2024 19:01:56.146] [main/WARN] [net.minecraft.commands.Commands/]: Ambiguity between arguments [teleport, location] and [teleport, destination] with inputs: [0.1 -0.5 .9, 0 0 0]
[2610月2024 19:01:56.148] [main/WARN] [net.minecraft.commands.Commands/]: Ambiguity between arguments [teleport, location] and [teleport, targets] with inputs: [0.1 -0.5 .9, 0 0 0]
[2610月2024 19:01:56.151] [main/WARN] [net.minecraft.commands.Commands/]: Ambiguity between arguments [teleport, destination] and [teleport, targets] with inputs: [Player, 0123, @e, dd12be42-52a9-4a91-a8a1-11c01849e498]
[2610月2024 19:01:56.153] [main/WARN] [net.minecraft.commands.Commands/]: Ambiguity between arguments [teleport, targets] and [teleport, destination] with inputs: [Player, 0123, dd12be42-52a9-4a91-a8a1-11c01849e498]
[2610月2024 19:01:56.154] [main/WARN] [net.minecraft.commands.Commands/]: Ambiguity between arguments [teleport, targets, location] and [teleport, targets, destination] with inputs: [0.1 -0.5 .9, 0 0 0]
[2610月2024 19:01:56.290] [Render thread/WARN] [net.minecraft.server.packs.VanillaPackResourcesBuilder/]: Assets URL 'union:/D:/MinecraftNeoForgeMod/InfinityItems-121/.gradle/repositories/ng_dummy_ng/net/neoforged/neoforge/21.0.160/neoforge-21.0.160.jar%23190!/assets/.mcassetsroot' uses unexpected schema
[2610月2024 19:01:56.290] [Render thread/WARN] [net.minecraft.server.packs.VanillaPackResourcesBuilder/]: Assets URL 'union:/D:/MinecraftNeoForgeMod/InfinityItems-121/.gradle/repositories/ng_dummy_ng/net/neoforged/neoforge/21.0.160/neoforge-21.0.160.jar%23190!/data/.mcassetsroot' uses unexpected schema
[2610月2024 19:01:56.316] [Render thread/INFO] [com.mojang.authlib.yggdrasil.YggdrasilAuthenticationService/]: Environment: Environment[sessionHost=https://sessionserver.mojang.com, servicesHost=https://api.minecraftservices.com, name=PROD]
[2610月2024 19:01:56.328] [Render thread/INFO] [net.minecraft.client.Minecraft/]: Setting user: Dev
[2610月2024 19:01:56.419] [Render thread/INFO] [net.minecraft.client.Minecraft/]: Backend library: LWJGL version 3.3.3+5
[2610月2024 19:01:56.685] [modloading-worker-0/INFO] [net.neoforged.neoforge.common.NeoForgeMod/NEOFORGE-MOD]: NeoForge mod loading, version 21.0.160, for MC 1.21
[2610月2024 19:01:56.692] [modloading-worker-0/WARN] [AE2:C/]: Unable to find class com.simibubi.create.foundation.ponder.PonderWorld. Integration with PonderJS disabled.
[2610月2024 19:01:58.256] [Render thread/INFO] [net.neoforged.neoforge.gametest.GameTestHooks/]: Enabled Gametest Namespaces: []
[2610月2024 19:01:58.636] [Render thread/INFO] [net.minecraft.server.packs.resources.ReloadableResourceManager/]: Reloading ResourceManager: vanilla, mod_resources, mod/iis, mod/neoforge, mod/ae2
[2610月2024 19:01:58.762] [Worker-Main-5/INFO] [net.minecraft.client.gui.font.providers.UnihexProvider/]: Found unifont_all_no_pua-15.1.05.hex, loading
[2610月2024 19:01:59.034] [Worker-Main-7/INFO] [net.minecraft.client.gui.font.providers.UnihexProvider/]: Found unifont_jp_patch-15.1.05.hex, loading
[2610月2024 19:02:01.119] [Render thread/WARN] [net.minecraft.client.sounds.SoundEngine/]: Missing sound for event: minecraft:item.goat_horn.play
[2610月2024 19:02:01.119] [Render thread/WARN] [net.minecraft.client.sounds.SoundEngine/]: Missing sound for event: minecraft:entity.goat.screaming.horn_break
[2610月2024 19:02:01.209] [Render thread/INFO] [com.mojang.blaze3d.audio.Library/]: OpenAL initialized on device OpenAL Soft on 扬声器 (Realtek High Definition Audio)
[2610月2024 19:02:01.210] [Render thread/INFO] [net.minecraft.client.sounds.SoundEngine/SOUNDS]: Sound engine started
[2610月2024 19:02:01.307] [Render thread/INFO] [net.minecraft.client.renderer.texture.TextureAtlas/]: Created: 1024x1024x4 minecraft:textures/atlas/blocks.png-atlas
[2610月2024 19:02:01.418] [Render thread/INFO] [net.minecraft.client.renderer.texture.TextureAtlas/]: Created: 256x256x4 minecraft:textures/atlas/signs.png-atlas
[2610月2024 19:02:01.419] [Render thread/INFO] [net.minecraft.client.renderer.texture.TextureAtlas/]: Created: 512x512x4 minecraft:textures/atlas/banner_patterns.png-atlas
[2610月2024 19:02:01.423] [Render thread/INFO] [net.minecraft.client.renderer.texture.TextureAtlas/]: Created: 512x512x4 minecraft:textures/atlas/shield_patterns.png-atlas
[2610月2024 19:02:01.427] [Render thread/INFO] [net.minecraft.client.renderer.texture.TextureAtlas/]: Created: 1024x1024x4 minecraft:textures/atlas/armor_trims.png-atlas
[2610月2024 19:02:01.459] [Render thread/INFO] [net.minecraft.client.renderer.texture.TextureAtlas/]: Created: 128x64x4 minecraft:textures/atlas/decorated_pot.png-atlas
[2610月2024 19:02:01.461] [Render thread/INFO] [net.minecraft.client.renderer.texture.TextureAtlas/]: Created: 256x256x4 minecraft:textures/atlas/chest.png-atlas
[2610月2024 19:02:01.462] [Render thread/INFO] [net.minecraft.client.renderer.texture.TextureAtlas/]: Created: 512x256x4 minecraft:textures/atlas/beds.png-atlas
[2610月2024 19:02:01.463] [Render thread/INFO] [net.minecraft.client.renderer.texture.TextureAtlas/]: Created: 512x256x4 minecraft:textures/atlas/shulker_boxes.png-atlas
[2610月2024 19:02:01.527] [Render thread/INFO] [net.minecraft.client.renderer.texture.TextureAtlas/]: Created: 512x256x0 minecraft:textures/atlas/particles.png-atlas
[2610月2024 19:02:01.541] [Render thread/INFO] [net.minecraft.client.renderer.texture.TextureAtlas/]: Created: 512x256x0 minecraft:textures/atlas/paintings.png-atlas
[2610月2024 19:02:01.545] [Render thread/INFO] [net.minecraft.client.renderer.texture.TextureAtlas/]: Created: 256x128x0 minecraft:textures/atlas/mob_effects.png-atlas
[2610月2024 19:02:01.547] [Render thread/INFO] [net.minecraft.client.renderer.texture.TextureAtlas/]: Created: 64x64x0 minecraft:textures/atlas/map_decorations.png-atlas
[2610月2024 19:02:01.550] [Render thread/INFO] [net.minecraft.client.renderer.texture.TextureAtlas/]: Created: 1024x512x0 minecraft:textures/atlas/gui.png-atlas
[2610月2024 19:02:01.922] [Render thread/WARN] [net.minecraft.client.renderer.ShaderInstance/]: Shader rendertype_entity_translucent_emissive could not find sampler named Sampler2 in the specified shader program.
[2610月2024 19:06:05.287] [Render thread/INFO] [net.minecraft.world.item.crafting.RecipeManager/]: Loaded 1754 recipes
[2610月2024 19:06:05.481] [Render thread/INFO] [net.minecraft.advancements.AdvancementTree/]: Loaded 1807 advancements
[2610月2024 19:06:05.991] [Server thread/INFO] [net.minecraft.client.server.IntegratedServer/]: Starting integrated minecraft server version 1.21
[2610月2024 19:06:05.991] [Server thread/INFO] [net.minecraft.server.MinecraftServer/]: Generating keypair
[2610月2024 19:06:07.647] [Server thread/INFO] [net.minecraft.server.MinecraftServer/]: Preparing start region for dimension minecraft:overworld
[2610月2024 19:06:08.647] [progressListener/INFO] [net.minecraft.server.level.progress.LoggerChunkProgressListener/]: Preparing spawn area: 0%
[2610月2024 19:06:08.647] [progressListener/INFO] [net.minecraft.server.level.progress.LoggerChunkProgressListener/]: Preparing spawn area: 0%
[2610月2024 19:06:08.666] [progressListener/INFO] [net.minecraft.server.level.progress.LoggerChunkProgressListener/]: Preparing spawn area: 0%
[2610月2024 19:06:08.836] [Server thread/INFO] [net.neoforged.neoforge.server.permission.PermissionAPI/]: Successfully initialized permission handler neoforge:default_handler
[2610月2024 19:06:08.837] [Server thread/WARN] [net.neoforged.neoforge.common.TagConventionLogWarning/]: 
   Dev warning - Legacy Tags detected. Please migrate your 'forge' namespace tags to the 'c' namespace! See net.neoforged.neoforge.common.Tags.java for all tags.
   NOTE: Many tags have been moved around or renamed. Some new ones were added so please review the new tags.
    And make sure you follow tag conventions for new tags! The convention is `c` with nouns generally being plural and adjectives being singular.
   You can disable this message in NeoForge's common config by setting `logLegacyTagWarnings` to "SILENCED" or see individual tags with "DEV_VERBOSE".

[2610月2024 19:06:08.852] [progressListener/INFO] [net.minecraft.server.level.progress.LoggerChunkProgressListener/]: Time elapsed: 1189 ms
[2610月2024 19:06:08.867] [Server thread/INFO] [AE2:S/]: Scanning class appeng.server.testplots.MemoryCardTestPlots for plots
[2610月2024 19:06:08.871] [Server thread/INFO] [AE2:S/]: Scanning class appeng.server.testplots.PatternProviderLockModePlots for plots
[2610月2024 19:06:08.871] [Server thread/INFO] [AE2:S/]: Scanning class appeng.server.testplots.P2PTestPlots for plots
[2610月2024 19:06:08.871] [Server thread/INFO] [AE2:S/]: Scanning class appeng.server.testplots.CrystalResonanceGeneratorTestPlots for plots
[2610月2024 19:06:08.871] [Server thread/INFO] [AE2:S/]: Scanning class appeng.server.testplots.AutoCraftingTestPlots for plots
[2610月2024 19:06:08.872] [Server thread/INFO] [AE2:S/]: Scanning class appeng.server.testplots.InvalidPatternTestPlot for plots
[2610月2024 19:06:08.872] [Server thread/INFO] [AE2:S/]: Scanning class appeng.server.testplots.GuidebookPlot for plots
[2610月2024 19:06:08.872] [Server thread/INFO] [AE2:S/]: Scanning class appeng.server.testplots.InterfaceTestPlots for plots
[2610月2024 19:06:08.872] [Server thread/INFO] [AE2:S/]: Scanning class appeng.server.testplots.SpatialTestPlots for plots
[2610月2024 19:06:08.872] [Server thread/INFO] [AE2:S/]: Scanning class appeng.server.testplots.ItemP2PTestPlots for plots
[2610月2024 19:06:08.872] [Server thread/INFO] [AE2:S/]: Scanning class appeng.server.testplots.SubnetPlots for plots
[2610月2024 19:06:08.872] [Server thread/INFO] [AE2:S/]: Scanning class appeng.server.testplots.PatternProviderPlots for plots
[2610月2024 19:06:08.872] [Server thread/INFO] [AE2:S/]: Scanning class appeng.server.testplots.InscriberTestPlots for plots
[2610月2024 19:06:08.879] [Server thread/INFO] [AE2:S/]: Scanning class appeng.server.testplots.QnbTestPlots for plots
[2610月2024 19:06:08.879] [Server thread/INFO] [AE2:S/]: Scanning class appeng.server.testplots.TestPlots for plots
[2610月2024 19:06:08.880] [Server thread/INFO] [AE2:S/]: Scanning class appeng.server.testplots.SpawnExtraGridTestTools for plots
[2610月2024 19:06:08.880] [Server thread/INFO] [AE2:S/]: Scanning class appeng.server.testplots.AnnihilationPlaneTests for plots
[2610月2024 19:06:08.880] [Server thread/INFO] [AE2:S/]: Scanning class appeng.server.testplots.ExternalEnergyTestPlots for plots
[2610月2024 19:06:08.972] [Server thread/INFO] [net.minecraft.client.server.IntegratedServer/]: Changing view distance to 12, from 10
[2610月2024 19:06:08.972] [Server thread/INFO] [net.minecraft.client.server.IntegratedServer/]: Changing simulation distance to 12, from 0
[2610月2024 19:06:10.090] [Server thread/INFO] [net.minecraft.server.players.PlayerList/]: Dev[local:E:8d7101eb] logged in with entity id 434 at (-17.084379659356394, 78.0, -19.7419382565322)
[2610月2024 19:06:10.153] [Server thread/INFO] [net.minecraft.server.MinecraftServer/]: Dev joined the game
[2610月2024 19:06:10.343] [Render thread/INFO] [net.minecraft.advancements.AdvancementTree/]: Loaded 17 advancements
[2610月2024 19:06:18.018] [Server thread/INFO] [net.minecraft.server.MinecraftServer/]: Dev was slain by Zombie
[2610月2024 19:06:18.096] [Render thread/INFO] [net.minecraft.client.gui.components.ChatComponent/]: [System] [CHAT] Dev was slain by Zombie
[2610月2024 19:06:18.104] [Server thread/INFO] [net.minecraft.server.MinecraftServer/]: [Dev: Set own game mode to Creative Mode]
[2610月2024 19:06:18.106] [Render thread/INFO] [net.minecraft.advancements.AdvancementTree/]: Loaded 46 advancements
[2610月2024 19:06:18.110] [Render thread/INFO] [net.minecraft.client.gui.components.ChatComponent/]: [System] [CHAT] Set own game mode to Creative Mode
[2610月2024 19:06:34.927] [Render thread/INFO] [net.minecraft.client.gui.components.ChatComponent/]: [System] [CHAT] Requires at least 7 experience to be able to use this command.
[2610月2024 19:06:48.121] [Server thread/INFO] [net.minecraft.server.MinecraftServer/]: [Dev: Set 114514 experience levels on Dev]
[2610月2024 19:06:48.126] [Render thread/INFO] [net.minecraft.client.gui.components.ChatComponent/]: [System] [CHAT] Set 114514 experience levels on Dev
[2610月2024 19:07:07.109] [Render thread/INFO] [net.minecraft.advancements.AdvancementTree/]: Loaded 47 advancements
[2610月2024 19:07:20.716] [Server thread/INFO] [net.minecraft.server.MinecraftServer/]: [Dev: Set own game mode to Survival Mode]
[2610月2024 19:07:20.726] [Render thread/INFO] [net.minecraft.client.gui.components.ChatComponent/]: [System] [CHAT] Set own game mode to Survival Mode
[2610月2024 19:07:29.580] [Server thread/INFO] [net.minecraft.server.MinecraftServer/]: [Dev: Set own game mode to Creative Mode]
[2610月2024 19:07:29.593] [Render thread/INFO] [net.minecraft.client.gui.components.ChatComponent/]: [System] [CHAT] Set own game mode to Creative Mode
[2610月2024 19:08:22.016] [Server thread/INFO] [net.minecraft.server.MinecraftServer/]: [Dev: Set own game mode to Survival Mode]
[2610月2024 19:08:22.026] [Render thread/INFO] [net.minecraft.client.gui.components.ChatComponent/]: [System] [CHAT] Set own game mode to Survival Mode
[2610月2024 19:08:41.015] [Server thread/INFO] [net.minecraft.server.MinecraftServer/]: [Dev: Set own game mode to Creative Mode]
[2610月2024 19:08:41.026] [Render thread/INFO] [net.minecraft.client.gui.components.ChatComponent/]: [System] [CHAT] Set own game mode to Creative Mode
[2610月2024 19:08:53.585] [Server thread/INFO] [net.minecraft.client.server.IntegratedServer/]: Saving and pausing game...
[2610月2024 19:08:53.618] [Server thread/INFO] [net.minecraft.server.MinecraftServer/]: Saving chunks for level 'ServerLevel[New World]'/minecraft:overworld
[2610月2024 19:08:53.800] [Server thread/INFO] [net.minecraft.server.MinecraftServer/]: Saving chunks for level 'ServerLevel[New World]'/minecraft:the_nether
[2610月2024 19:08:54.011] [Server thread/INFO] [net.minecraft.server.MinecraftServer/]: Saving chunks for level 'ServerLevel[New World]'/minecraft:the_end
[2610月2024 19:08:54.221] [Server thread/INFO] [net.minecraft.server.MinecraftServer/]: Saving chunks for level 'ServerLevel[New World]'/ae2:spatial_storage
[2610月2024 19:09:09.965] [Server thread/INFO] [net.minecraft.server.network.ServerGamePacketListenerImpl/]: Dev lost connection: Disconnected
[2610月2024 19:09:09.965] [Server thread/INFO] [net.minecraft.server.MinecraftServer/]: Dev left the game
[2610月2024 19:09:10.037] [Server thread/INFO] [net.minecraft.server.network.ServerCommonPacketListenerImpl/]: Stopping singleplayer server as player logged out
[2610月2024 19:09:10.052] [Server thread/INFO] [net.minecraft.server.MinecraftServer/]: Stopping server
[2610月2024 19:09:10.053] [Server thread/INFO] [net.minecraft.server.MinecraftServer/]: Saving players
[2610月2024 19:09:10.053] [Server thread/INFO] [net.minecraft.server.MinecraftServer/]: Saving worlds
[2610月2024 19:09:12.414] [Server thread/INFO] [net.minecraft.server.MinecraftServer/]: Saving chunks for level 'ServerLevel[New World]'/minecraft:overworld
[2610月2024 19:09:13.089] [Server thread/INFO] [net.minecraft.server.MinecraftServer/]: Saving chunks for level 'ServerLevel[New World]'/minecraft:the_nether
[2610月2024 19:09:13.149] [Server thread/INFO] [net.minecraft.server.MinecraftServer/]: Saving chunks for level 'ServerLevel[New World]'/minecraft:the_end
[2610月2024 19:09:13.175] [Server thread/INFO] [net.minecraft.server.MinecraftServer/]: Saving chunks for level 'ServerLevel[New World]'/ae2:spatial_storage
[2610月2024 19:09:13.236] [Server thread/INFO] [net.minecraft.server.MinecraftServer/]: ThreadedAnvilChunkStorage (New World): All chunks are saved
[2610月2024 19:09:13.236] [Server thread/INFO] [net.minecraft.server.MinecraftServer/]: ThreadedAnvilChunkStorage (DIM-1): All chunks are saved
[2610月2024 19:09:13.236] [Server thread/INFO] [net.minecraft.server.MinecraftServer/]: ThreadedAnvilChunkStorage (DIM1): All chunks are saved
[2610月2024 19:09:13.236] [Server thread/INFO] [net.minecraft.server.MinecraftServer/]: ThreadedAnvilChunkStorage (spatial_storage): All chunks are saved
[2610月2024 19:09:13.237] [Server thread/INFO] [net.minecraft.server.MinecraftServer/]: ThreadedAnvilChunkStorage: All dimensions are saved
[2610月2024 19:09:17.887] [Render thread/INFO] [net.minecraft.client.Minecraft/]: Stopping!
